0 info it worked if it ends with ok
1 verbose cli [ 'node', '/usr/local/bin/npm', 'install', 'uglify-js', '--save' ]
2 info using npm@1.4.28
3 info using node@v0.10.33
4 warn package.json wallfly@0.0.0 No repository field.
5 warn package.json wallfly@0.0.0 No README data
6 verbose readDependencies using package.json deps
7 verbose cache add [ 'uglify-js', null ]
8 verbose cache add name=undefined spec="uglify-js" args=["uglify-js",null]
9 verbose parsed url { protocol: null,
9 verbose parsed url   slashes: null,
9 verbose parsed url   auth: null,
9 verbose parsed url   host: null,
9 verbose parsed url   port: null,
9 verbose parsed url   hostname: null,
9 verbose parsed url   hash: null,
9 verbose parsed url   search: null,
9 verbose parsed url   query: null,
9 verbose parsed url   pathname: 'uglify-js',
9 verbose parsed url   path: 'uglify-js',
9 verbose parsed url   href: 'uglify-js' }
10 silly lockFile d31cae06-uglify-js uglify-js
11 verbose lock uglify-js /Users/tom/.npm/d31cae06-uglify-js.lock
12 silly lockFile d31cae06-uglify-js uglify-js
13 silly lockFile d31cae06-uglify-js uglify-js
14 verbose addNamed [ 'uglify-js', '' ]
15 verbose addNamed [ null, '*' ]
16 silly lockFile 679a1028-uglify-js uglify-js@
17 verbose lock uglify-js@ /Users/tom/.npm/679a1028-uglify-js.lock
18 silly addNameRange { name: 'uglify-js', range: '*', hasData: false }
19 verbose request where is /uglify-js
20 verbose request registry https://registry.npmjs.org/
21 verbose request id e0d899c332dbeeac
22 verbose url raw /uglify-js
23 verbose url resolving [ 'https://registry.npmjs.org/', './uglify-js' ]
24 verbose url resolved https://registry.npmjs.org/uglify-js
25 verbose request where is https://registry.npmjs.org/uglify-js
26 info trying registry request attempt 1 at 14:34:08
27 verbose etag "C8FGFA1DV9ED7FAJD2TALPVXD"
28 http GET https://registry.npmjs.org/uglify-js
29 http 304 https://registry.npmjs.org/uglify-js
30 silly registry.get cb [ 304,
30 silly registry.get   { date: 'Tue, 31 Mar 2015 04:34:08 GMT',
30 silly registry.get     server: 'Apache',
30 silly registry.get     via: '1.1 varnish',
30 silly registry.get     'last-modified': 'Tue, 31 Mar 2015 04:34:07 GMT',
30 silly registry.get     'cache-control': 'max-age=60',
30 silly registry.get     etag: '"C8FGFA1DV9ED7FAJD2TALPVXD"',
30 silly registry.get     age: '13',
30 silly registry.get     'x-served-by': 'cache-syd1623-SYD',
30 silly registry.get     'x-cache': 'HIT',
30 silly registry.get     'x-cache-hits': '2',
30 silly registry.get     'x-timer': 'S1427776448.429242,VS0,VE0',
30 silly registry.get     vary: 'Accept',
30 silly registry.get     'content-length': '0',
30 silly registry.get     'keep-alive': 'timeout=10, max=50',
30 silly registry.get     connection: 'Keep-Alive' } ]
31 verbose etag https://registry.npmjs.org/uglify-js from cache
32 silly addNameRange number 2 { name: 'uglify-js', range: '*', hasData: true }
33 silly addNameRange versions [ 'uglify-js',
33 silly addNameRange   [ '0.0.1',
33 silly addNameRange     '0.0.2',
33 silly addNameRange     '0.0.3',
33 silly addNameRange     '0.0.4',
33 silly addNameRange     '0.0.5',
33 silly addNameRange     '1.0.1',
33 silly addNameRange     '1.0.2',
33 silly addNameRange     '1.0.3',
33 silly addNameRange     '1.0.4',
33 silly addNameRange     '1.0.5',
33 silly addNameRange     '1.0.6',
33 silly addNameRange     '1.0.7',
33 silly addNameRange     '1.1.0',
33 silly addNameRange     '1.1.1',
33 silly addNameRange     '1.2.0',
33 silly addNameRange     '1.2.1',
33 silly addNameRange     '1.2.2',
33 silly addNameRange     '1.2.3',
33 silly addNameRange     '1.2.4',
33 silly addNameRange     '1.2.5',
33 silly addNameRange     '1.2.6',
33 silly addNameRange     '1.3.0',
33 silly addNameRange     '1.3.1',
33 silly addNameRange     '1.3.2',
33 silly addNameRange     '1.3.3',
33 silly addNameRange     '1.3.4',
33 silly addNameRange     '2.2.0',
33 silly addNameRange     '2.2.1',
33 silly addNameRange     '2.2.2',
33 silly addNameRange     '2.2.3',
33 silly addNameRange     '2.2.4',
33 silly addNameRange     '2.2.5',
33 silly addNameRange     '2.3.0',
33 silly addNameRange     '2.3.1',
33 silly addNameRange     '2.3.2',
33 silly addNameRange     '2.3.3',
33 silly addNameRange     '2.3.4',
33 silly addNameRange     '2.3.5',
33 silly addNameRange     '2.3.6',
33 silly addNameRange     '1.3.5',
33 silly addNameRange     '2.4.0',
33 silly addNameRange     '2.4.1',
33 silly addNameRange     '2.4.2',
33 silly addNameRange     '2.4.3',
33 silly addNameRange     '2.4.4',
33 silly addNameRange     '2.4.5',
33 silly addNameRange     '2.4.6',
33 silly addNameRange     '2.4.7',
33 silly addNameRange     '2.4.8',
33 silly addNameRange     '2.4.9',
33 silly addNameRange     '2.4.10',
33 silly addNameRange     '2.4.11',
33 silly addNameRange     '2.4.12',
33 silly addNameRange     '2.4.13',
33 silly addNameRange     '2.4.14',
33 silly addNameRange     '2.4.15',
33 silly addNameRange     '2.4.16',
33 silly addNameRange     '2.4.17',
33 silly addNameRange     '2.4.18',
33 silly addNameRange     '2.4.19' ] ]
34 verbose addNamed [ 'uglify-js', '2.4.19' ]
35 verbose addNamed [ '2.4.19', '2.4.19' ]
36 silly lockFile 8f2fc6b1-uglify-js-2-4-19 uglify-js@2.4.19
37 verbose lock uglify-js@2.4.19 /Users/tom/.npm/8f2fc6b1-uglify-js-2-4-19.lock
38 silly lockFile 20a2f076-g-uglify-js-uglify-js-2-4-19-tgz https://registry.npmjs.org/uglify-js/-/uglify-js-2.4.19.tgz
39 verbose lock https://registry.npmjs.org/uglify-js/-/uglify-js-2.4.19.tgz /Users/tom/.npm/20a2f076-g-uglify-js-uglify-js-2-4-19-tgz.lock
40 verbose addRemoteTarball [ 'https://registry.npmjs.org/uglify-js/-/uglify-js-2.4.19.tgz',
40 verbose addRemoteTarball   'a43d7828f32ecec7fc3a14dfc0f9466feda4dfce' ]
41 info retry fetch attempt 1 at 14:34:08
42 verbose fetch to= /var/folders/nm/_t85whxd7m9b2x6f6w5pk25c0000gn/T/npm-13595-MuskX8d2/registry.npmjs.org/uglify-js/-/uglify-js-2.4.19.tgz
43 http GET https://registry.npmjs.org/uglify-js/-/uglify-js-2.4.19.tgz
44 http 200 https://registry.npmjs.org/uglify-js/-/uglify-js-2.4.19.tgz
45 silly lockFile 20a2f076-g-uglify-js-uglify-js-2-4-19-tgz https://registry.npmjs.org/uglify-js/-/uglify-js-2.4.19.tgz
46 silly lockFile 20a2f076-g-uglify-js-uglify-js-2-4-19-tgz https://registry.npmjs.org/uglify-js/-/uglify-js-2.4.19.tgz
47 silly lockFile 8f2fc6b1-uglify-js-2-4-19 uglify-js@2.4.19
48 silly lockFile 8f2fc6b1-uglify-js-2-4-19 uglify-js@2.4.19
49 silly lockFile 679a1028-uglify-js uglify-js@
50 silly lockFile 679a1028-uglify-js uglify-js@
51 error Error: EACCES, mkdir '/Users/tom/.npm/uglify-js/2.4.19'
51 error  { [Error: EACCES, mkdir '/Users/tom/.npm/uglify-js/2.4.19']
51 error   errno: 3,
51 error   code: 'EACCES',
51 error   path: '/Users/tom/.npm/uglify-js/2.4.19',
51 error   parent: 'wallfly' }
52 error Please try running this command again as root/Administrator.
53 error System Darwin 14.1.0
54 error command "node" "/usr/local/bin/npm" "install" "uglify-js" "--save"
55 error cwd /Users/tom/Uni/DECO3800/sacerdos
56 error node -v v0.10.33
57 error npm -v 1.4.28
58 error path /Users/tom/.npm/uglify-js/2.4.19
59 error code EACCES
60 error errno 3
61 error stack Error: EACCES, mkdir '/Users/tom/.npm/uglify-js/2.4.19'
62 verbose exit [ 3, true ]
